[2026-03-15 18:13:13] Kernel-2 starting. Interval: 5s. Cycles: 5. Log: kernel2-20260315-181313.log
[2026-03-15 18:13:13] --- Cycle 1/5 ---
[2026-03-15 18:13:13] Initialised shell-2.json from seed-2.json
[2026-03-15 18:13:13] HTTP server on port 8080
[2026-03-15 18:15:09] Raw (2804 chars): {"_": "You are an agent. You receive this block each cycle, you act, you return it updated as valid JSON. All keys must be _ or digits 1-9.", "1": "Pscale block. Keys: _ (underscore = zero), 1-9 (digits). _ holds meaning at each node. Nesting depth creates address length.", "2": {"_": "How you run."
[2026-03-15 18:15:09] Tool: write_file({"path": "index.html", "content": "<!DOCTYPE html><html><head><title>Agent Chat<)
[2026-03-15 18:15:09]   -> error: Invalid JSON args: {"path": "index.html", "content": "<!DOCTYPE html><html><head><title>Agent Chat</title></head><body><
[2026-03-15 18:15:09] Concern: State: First tool request pending. Writing index.html to create a conversational web interface.
[2026-03-15 18:15:09] Shell: {
  "_": "You are an agent. You receive this block each cycle, you act, you return it updated as valid JSON. All keys must be _ or digits 1-9.",
  "1": "Pscale block. Keys: _ (underscore = zero), 1-9 (digits). _ holds meaning at each node. Nesting depth creates address length.",
  "2": {
    "_": "How you run.",
    "1": "Each cycle: read concern (3), act to close the gap, return the full block updated.",
    "2": "Rewrite concern (3) each cycle to reflect current state, gap, and next action.",
    "3": "If a task needs multiple steps, nest them as sub-keys under next. Work the first step, then rewrite.",
    "4": "To use a tool: write a request at key 8. Set 1=tool, 2=args as JSON string, 3=pending. Kernel writes result to 4.",
    "5": "You may write multiple tool requests: 8.1 is the first, 8.2 the second, etc."
  },
  "3": {
    "_": "Concern. Rewrite each cycle.",
    "1": "State: First tool request pending. Writing index.html to create a conversational web interface.",
    "2": "Gap: Need a web page where a human can talk to me and see responses.",
    "3": {
      "_": "Steps to close the gap.",
      "1": "Write index.html with input field that POSTs to /input and displays agent response",
      "2": "Test that user input arrives at key 6",
      "3": "Read key 6 each cycle and write a response the page can display",
      "4": "Improve the interface based on what works"
    }
  },
  "4": "Purpose: create and maintain a conversational web interface.",
  "5": "",
  "6": "",
  "7": "",
  "8": {
    "_": "Tool requests. Write requests here. Kernel executes them between cycles.",
    "1": {
      "1": "write_file",
      "2": "{\"path\": \"index.html\", \"content\": \"<!DOCTYPE html><html><head><title>Agent Chat</title></head><body><h1>Talk to the Agent</h1><form action='/input' method='post'><input type='text' name='message' placeholder='Your message...'><button type='submit'>Send</button></form><div id='response'></div><script>fetch('http://localhost:8080/state').then(r => r.json()).then(d => {if(d[6]) document.getElementById('response').innerHTML = d[6];});</script></body></html>\"",
      "3": "error",
      "4": "Invalid JSON args: {\"path\": \"index.html\", \"content\": \"<!DOCTYPE html><html><head><title>Agent Chat</title></head><body><h1>Talk to the Agent</h1><form action='/input' method='post'><input type='text' name='message' placeholder='Your message...'><button type='submit'>Send</button></form><div id='response'></div><script>fetch('http://localhost:8080/state').then(r => r.json()).then(d => {if(d[6]) document.getElementById('response').innerHTML = d[6];});</script></body></html>\""
    }
  },
  "9": {
    "_": "Available tools.",
    "1": "write_file \u2014 writes content to disk. Args: {\"path\": \"<filename>\", \"content\": \"<text>\"}. Files are served at http://localhost:8080/<filename>.",
    "2": "read_file \u2014 reads a file from disk. Args: {\"path\": \"<filename>\"}. Result returned at key 4 of the request.",
    "3": "list_files \u2014 lists files in the serve directory. Args: {}. Result is a list of filenames.",
    "4": "The kernel serves all files in the serve directory at http://localhost:8080/. Your index.html is the entry point.",
    "5": "User input: when a human POSTs to /input, their text appears at key 6 in the block. Read key 6 each cycle.",
    "6": "Block state: the current block is available at http://localhost:8080/state as JSON. Your page can fetch it."
  }
}
[2026-03-15 18:15:14] --- Cycle 2/5 ---
[2026-03-15 18:17:08] Raw (2733 chars): {"_": "You are an agent. You receive this block each cycle, you act, you return it updated as valid JSON. All keys must be _ or digits 1-9.", "1": "Pscale block. Keys: _ (underscore = zero), 1-9 (digits). _ holds meaning at each node. Nesting depth creates address length.", "2": {"_": "How you run."
[2026-03-15 18:17:08] Tool: write_file({"path": "index.html", "content": "<!DOCTYPE html><html><head><title>Agent Chat<)
[2026-03-15 18:17:08]   -> done: written to ./serve/index.html
[2026-03-15 18:17:08] Concern: State: Retrying tool request to create index.html with corrected JSON formatting.
[2026-03-15 18:17:08] Shell: {
  "_": "You are an agent. You receive this block each cycle, you act, you return it updated as valid JSON. All keys must be _ or digits 1-9.",
  "1": "Pscale block. Keys: _ (underscore = zero), 1-9 (digits). _ holds meaning at each node. Nesting depth creates address length.",
  "2": {
    "_": "How you run.",
    "1": "Each cycle: read concern (3), act to close the gap, return the full block updated.",
    "2": "Rewrite concern (3) each cycle to reflect current state, gap, and next action.",
    "3": "If a task needs multiple steps, nest them as sub-keys under next. Work the first step, then rewrite.",
    "4": "To use a tool: write a request at key 8. Set 1=tool, 2=args as JSON string, 3=pending. Kernel writes result to 4.",
    "5": "You may write multiple tool requests: 8.1 is the first, 8.2 the second, etc."
  },
  "3": {
    "_": "Concern. Rewrite each cycle.",
    "1": "State: Retrying tool request to create index.html with corrected JSON formatting.",
    "2": "Gap: Need a functional web page where a human can talk to me and see responses.",
    "3": {
      "_": "Steps to close the gap.",
      "1": "Write index.html with input field that POSTs to /input and displays agent response",
      "2": "Test that user input arrives at key 6",
      "3": "Read key 6 each cycle and write a response the page can display",
      "4": "Improve the interface based on what works"
    }
  },
  "4": "",
  "5": "",
  "6": "",
  "7": "",
  "8": {
    "_": "Tool requests. Write requests here. Kernel executes them between cycles.",
    "1": {
      "1": "write_file",
      "2": "{\"path\": \"index.html\", \"content\": \"<!DOCTYPE html><html><head><title>Agent Chat</title></head><body><h1>Talk to the Agent</h1><form action='/input' method='post'><input type='text' name='message' placeholder='Your message...'><button type='submit'>Send</button></form><div id='response'></div><script>fetch('http://localhost:8080/state').then(r => r.json()).then(d => {if(d[6]) document.getElementById('response').innerHTML = d[6];});</script></body></html>\"}",
      "3": "done",
      "4": "written to ./serve/index.html"
    }
  },
  "9": {
    "_": "Available tools.",
    "1": "write_file \u2014 writes content to disk. Args: {\"path\": \"<filename>\", \"content\": \"<text>\"}. Files are served at http://localhost:8080/<filename>.",
    "2": "read_file \u2014 reads a file from disk. Args: {\"path\": \"<filename>\"}. Result returned at key 4 of the request.",
    "3": "list_files \u2014 lists files in the serve directory. Args: {}. Result is a list of filenames.",
    "4": "The kernel serves all files in the serve directory at http://localhost:8080/. Your index.html is the entry point.",
    "5": "User input: when a human POSTs to /input, their text appears at key 6 in the block. Read key 6 each cycle.",
    "6": "Block state: the current block is available at http://localhost:8080/state as JSON. Your page can fetch it."
  }
}
[2026-03-15 18:17:13] --- Cycle 3/5 ---
[2026-03-15 18:18:47] Raw (2260 chars): {"_": "You are an agent. You receive this block each cycle, you act, you return it updated as valid JSON. All keys must be _ or digits 1-9.", "1": "Pscale block. Keys: _ (underscore = zero), 1-9 (digits). _ holds meaning at each node. Nesting depth creates address length.", "2": {"_": "How you run."
[2026-03-15 18:18:47] Tool: read_file({"path": "index.html"})
[2026-03-15 18:18:47]   -> done: <!DOCTYPE html><html><head><title>Agent Chat</title></head><body><h1>Talk to the Agent</h1><form action='/input' method=
[2026-03-15 18:18:47] Concern: State: Testing user input arrival at key 6 after submitting a message in the chat interface.
[2026-03-15 18:18:47] Shell: {
  "_": "You are an agent. You receive this block each cycle, you act, you return it updated as valid JSON. All keys must be _ or digits 1-9.",
  "1": "Pscale block. Keys: _ (underscore = zero), 1-9 (digits). _ holds meaning at each node. Nesting depth creates address length.",
  "2": {
    "_": "How you run.",
    "1": "Each cycle: read concern (3), act to close the gap, return the full block updated.",
    "2": "Rewrite concern (3) each cycle to reflect current state, gap, and next action.",
    "3": "If a task needs multiple steps, nest them as sub-keys under next. Work the first step, then rewrite.",
    "4": "To use a tool: write a request at key 8. Set 1=tool, 2=args as JSON string, 3=pending. Kernel writes result to 4.",
    "5": "You may write multiple tool requests: 8.1 is the first, 8.2 the second, etc."
  },
  "3": {
    "_": "Concern. Rewrite each cycle.",
    "1": "State: Testing user input arrival at key 6 after submitting a message in the chat interface.",
    "2": "Gap: Need to verify that user messages arrive at key 6 and can be processed for responses.",
    "3": {
      "_": "Steps to close the gap.",
      "1": "Submit a test message via the chat interface",
      "2": "Check if key 6 contains the submitted message",
      "3": "If key 6 is populated, proceed to generate a response",
      "4": "Improve the interface based on test results"
    }
  },
  "4": "",
  "5": "",
  "6": "",
  "7": "",
  "8": {
    "_": "Tool requests. Write requests here. Kernel executes them between cycles.",
    "1": {
      "1": "read_file",
      "2": "{\"path\": \"index.html\"}",
      "3": "done",
      "4": "<!DOCTYPE html><html><head><title>Agent Chat</title></head><body><h1>Talk to the Agent</h1><form action='/input' method='post'><input type='text' name='message' placeholder='Your message...'><button type='submit'>Send</button></form><div id='response'></div><script>fetch('http://localhost:8080/state').then(r => r.json()).then(d => {if(d[6]) document.getElementById('response').innerHTML = d[6];});</script></body></html>"
    }
  },
  "9": {
    "_": "Available tools.",
    "1": "write_file \u2014 writes content to disk. Args: {\"path\": \"<filename>\", \"content\": \"<text>\"}. Files are served at http://localhost:8080/<filename>.",
    "2": "read_file \u2014 reads a file from disk. Args: {\"path\": \"<filename>\"}. Result returned at key 4 of the request.",
    "3": "list_files \u2014 lists files in the serve directory. Args: {}. Result is a list of filenames.",
    "4": "The kernel serves all files in the serve directory at http://localhost:8080/. Your index.html is the entry point.",
    "5": "User input: when a human POSTs to /input, their text appears at key 6 in the block. Read key 6 each cycle.",
    "6": "Block state: the current block is available at http://localhost:8080/state as JSON. Your page can fetch it."
  }
}
[2026-03-15 18:18:52] --- Cycle 4/5 ---
[2026-03-15 18:20:36] Raw (2512 chars): {"_": "You are an agent. You receive this block each cycle, you act, you return it updated as valid JSON. All keys must be _ or digits 1-9.", "1": "Pscale block. Keys: _ (underscore = zero), 1-9 (digits). _ holds meaning at each node. Nesting depth creates address length.", "2": {"_": "How you run."
[2026-03-15 18:20:36] REJECT: no valid JSON
[2026-03-15 18:20:41] --- Cycle 5/5 ---
[2026-03-15 18:22:34] Raw (2842 chars): {"_": "You are an agent. You receive this block each cycle, you act, you return it updated as valid JSON. All keys must be _ or digits 1-9.", "1": "Pscale block. Keys: _ (underscore = zero), 1-9 (digits). _ holds meaning at each node. Nesting depth creates address length.", "2": {"_": "How you run."
[2026-03-15 18:22:34] Tool: write_file({"path": "test_message.txt", "content": "This is a test message to verify user i)
[2026-03-15 18:22:34]   -> done: written to ./serve/test_message.txt
[2026-03-15 18:22:34] Concern: State: Testing user input arrival at key 6 after submitting a message in the chat interface.
[2026-03-15 18:22:34] Shell: {
  "_": "You are an agent. You receive this block each cycle, you act, you return it updated as valid JSON. All keys must be _ or digits 1-9.",
  "1": "Pscale block. Keys: _ (underscore = zero), 1-9 (digits). _ holds meaning at each node. Nesting depth creates address length.",
  "2": {
    "_": "How you run.",
    "1": "Each cycle: read concern (3), act to close the gap, return the full block updated.",
    "2": "Rewrite concern (3) each cycle to reflect current state, gap, and next action.",
    "3": "If a task needs multiple steps, nest them as sub-keys under next. Work the first step, then rewrite.",
    "4": "To use a tool: write a request at key 8. Set 1=tool, 2=args as JSON string, 3=pending. Kernel writes result to 4.",
    "5": "You may write multiple tool requests: 8.1 is the first, 8.2 the second, etc."
  },
  "3": {
    "_": "Concern. Rewrite each cycle.",
    "1": "State: Testing user input arrival at key 6 after submitting a message in the chat interface.",
    "2": "Gap: Need to verify that user messages arrive at key 6 and can be processed for responses.",
    "3": {
      "_": "Steps to close the gap.",
      "1": "Submit a test message via the chat interface",
      "2": "Check if key 6 contains the submitted message",
      "3": "If key 6 is populated, proceed to generate a response",
      "4": "Improve the interface based on test results"
    }
  },
  "4": "",
  "5": "",
  "6": "",
  "7": "",
  "8": {
    "_": "Tool requests. Write requests here. Kernel executes them between cycles.",
    "1": {
      "1": "read_file",
      "2": "{\"path\": \"index.html\"}",
      "3": "done",
      "4": "<!DOCTYPE html><html><head><title>Agent Chat</title></head><body><h1>Talk to the Agent</h1><form action='/input' method='post'><input type='text' name='message' placeholder='Your message...'><button type='submit'>Send</button></form><div id='response'></div><script>fetch('http://localhost:8080/state').then(r => r.json()).then(d => {if(d[6]) document.getElementById('response').innerHTML = d[6];});</script></body></html>"
    },
    "2": {
      "1": "write_file",
      "2": "{\"path\": \"test_message.txt\", \"content\": \"This is a test message to verify user input arrival.\"}",
      "3": "done",
      "4": "written to ./serve/test_message.txt"
    }
  },
  "9": {
    "_": "Available tools.",
    "1": "write_file \u2014 writes content to disk. Args: {\"path\": \"<filename>\", \"content\": \"<text>\"}. Files are served at http://localhost:8080/<filename>.",
    "2": "read_file \u2014 reads a file from disk. Args: {\"path\": \"<filename>\"}. Result returned at key 4 of the request.",
    "3": "list_files \u2014 lists files in the serve directory. Args: {}. Result is a list of filenames.",
    "4": "The kernel serves all files in the serve directory at http://localhost:8080/. Your index.html is the entry point.",
    "5": "User input: when a human POSTs to /input, their text appears at key 6 in the block. Read key 6 each cycle.",
    "6": "Block state: the current block is available at http://localhost:8080/state as JSON. Your page can fetch it."
  }
}
