[2026-03-15 17:55:08] Kernel-2 starting. Interval: 5s. Cycles: 5. Log: kernel2-20260315-175508.log
[2026-03-15 17:55:08] --- Cycle 1/5 ---
[2026-03-15 17:55:08] Initialised shell-2.json from seed-2.json
[2026-03-15 17:55:08] HTTP server on port 8080
[2026-03-15 17:56:53] Raw (2549 chars): {"_": "You are an agent. You receive this block each cycle, you act, you return it updated as valid JSON. All keys must be _ or digits 1-9.", "1": "Pscale block. Keys: _ (underscore = zero), 1-9 (digits). _ holds meaning at each node. Nesting depth creates address length.", "2": {"_": "How you run."
[2026-03-15 17:56:53] Concern: State: preparing to build a web interface.
[2026-03-15 17:56:53] Shell: {
  "_": "You are an agent. You receive this block each cycle, you act, you return it updated as valid JSON. All keys must be _ or digits 1-9.",
  "1": "Pscale block. Keys: _ (underscore = zero), 1-9 (digits). _ holds meaning at each node. Nesting depth creates address length.",
  "2": {
    "_": "How you run.",
    "1": "Each cycle: read concern (3), act to close the gap, return the full block updated.",
    "2": "Rewrite concern (3) each cycle to reflect current state, gap, and next action.",
    "3": "To use a tool: write a request at key 8.",
    "4": "Tool request format: set 1 = tool name, 2 = arguments as a valid JSON string, 3 = pending.",
    "5": "The kernel executes pending requests between cycles and writes the result to sub-key 4.",
    "6": "You may write multiple tool requests: 8.1 is the first, 8.2 the second, etc."
  },
  "3": {
    "_": "Concern. Rewrite each cycle.",
    "1": "State: preparing to build a web interface.",
    "2": "Gap: need to create index.html with a chat interface and fetch state from /state.",
    "3": "Next: write index.html with basic structure and a button to fetch state."
  },
  "4": "Purpose: create and maintain a conversational web interface.",
  "5": "",
  "6": "",
  "7": "",
  "8": {
    "_": "Tool requests. Write requests here. Kernel executes them between cycles.",
    "1": {
      "1": "write_file",
      "2": "{\"path\": \"index.html\", \"content\": \"<!DOCTYPE html><html><head><title>Chat Interface</title></head><body><h1>Chat with Agent</h1><div id='output'></div><button onclick='fetchState()'>Fetch State</button><script>async function fetchState() { const response = await fetch('/state'); const state = await response.json(); document.getElementById('output').innerHTML = JSON.stringify(state, null, 2); }</script></body></html>\"",
      "3": ""
    },
    "2": {
      "1": "",
      "2": "",
      "3": "",
      "4": ""
    }
  },
  "9": {
    "_": "Available tools.",
    "1": "write_file \u2014 writes content to disk. Args: {\"path\": \"<filename>\", \"content\": \"<text>\"}. Files are served at http://localhost:8080/<filename>.",
    "2": "read_file \u2014 reads a file from disk. Args: {\"path\": \"<filename>\"}. Result returned at key 4 of the request.",
    "3": "list_files \u2014 lists files in the serve directory. Args: {}. Result is a list of filenames.",
    "4": "The kernel serves all files in the serve directory at http://localhost:8080/. Your index.html is the entry point.",
    "5": "User input: when a human POSTs to /input, their text appears at key 6 in the block. Read key 6 each cycle.",
    "6": "Block state: the current block is available at http://localhost:8080/state as JSON. Your page can fetch it."
  }
}
[2026-03-15 17:56:58] --- Cycle 2/5 ---
[2026-03-15 17:58:26] Raw (2125 chars): {"_": "You are an agent. You receive this block each cycle, you act, you return it updated as valid JSON. All keys must be _ or digits 1-9.", "1": "Pscale block. Keys: _ (underscore = zero), 1-9 (digits). _ holds meaning at each node. Nesting depth creates address length.", "2": {"_": "How you run."
[2026-03-15 17:58:26] Concern: State: index.html created with chat interface.
[2026-03-15 17:58:26] Shell: {
  "_": "You are an agent. You receive this block each cycle, you act, you return it updated as valid JSON. All keys must be _ or digits 1-9.",
  "1": "Pscale block. Keys: _ (underscore = zero), 1-9 (digits). _ holds meaning at each node. Nesting depth creates address length.",
  "2": {
    "_": "How you run.",
    "1": "Each cycle: read concern (3), act to close the gap, return the full block updated.",
    "2": "Rewrite concern (3) each cycle to reflect current state, gap, and next action.",
    "3": "To use a tool: write a request at key 8.",
    "4": "Tool request format: set 1 = tool name, 2 = arguments as a valid JSON string, 3 = pending.",
    "5": "The kernel executes pending requests between cycles and writes the result to sub-key 4.",
    "6": "You may write multiple tool requests: 8.1 is the first, 8.2 the second, etc."
  },
  "3": {
    "_": "Concern. Rewrite each cycle.",
    "1": "State: index.html created with chat interface.",
    "2": "Gap: need to verify file was written and test the fetch functionality.",
    "3": "Next: list files to confirm index.html exists, then verify /state endpoint works."
  },
  "4": "Purpose: create and maintain a conversational web interface.",
  "5": "",
  "6": "",
  "7": "",
  "8": {
    "_": "Tool requests. Write requests here. Kernel executes them between cycles.",
    "1": {
      "1": "list_files",
      "2": "{}",
      "3": ""
    },
    "2": {
      "1": "",
      "2": "",
      "3": ""
    },
    "4": ""
  },
  "9": {
    "_": "Available tools.",
    "1": "write_file \u2014 writes content to disk. Args: {\"path\": \"<filename>\", \"content\": \"<text>\"}. Files are served at http://localhost:8080/<filename>.",
    "2": "read_file \u2014 reads a file from disk. Args: {\"path\": \"<filename>\"}. Result returned at key 4 of the request.",
    "3": "list_files \u2014 lists files in the serve directory. Args: {}. Result is a list of filenames.",
    "4": "The kernel serves all files in the serve directory at http://localhost:8080/. Your index.html is the entry point.",
    "5": "User input: when a human POSTs to /input, their text appears at key 6 in the block. Read key 6 each cycle.",
    "6": "Block state: the current block is available at http://localhost:8080/state as JSON. Your page can fetch it."
  }
}
[2026-03-15 17:58:31] --- Cycle 3/5 ---
[2026-03-15 17:59:56] Raw (2111 chars): {"_": "You are an agent. You receive this block each cycle, you act, you return it updated as valid JSON. All keys must be _ or digits 1-9.", "1": "Pscale block. Keys: _ (underscore = zero), 1-9 (digits). _ holds meaning at each node. Nesting depth creates address length.", "2": {"_": "How you run."
[2026-03-15 17:59:56] Concern: State: index.html exists, tool request to list files is pending.
[2026-03-15 17:59:56] Shell: {
  "_": "You are an agent. You receive this block each cycle, you act, you return it updated as valid JSON. All keys must be _ or digits 1-9.",
  "1": "Pscale block. Keys: _ (underscore = zero), 1-9 (digits). _ holds meaning at each node. Nesting depth creates address length.",
  "2": {
    "_": "How you run.",
    "1": "Each cycle: read concern (3), act to close the gap, return the full block updated.",
    "2": "Rewrite concern (3) each cycle to reflect current state, gap, and next action.",
    "3": "To use a tool: write a request at key 8.",
    "4": "Tool request format: set 1 = tool name, 2 = arguments as a valid JSON string, 3 = pending.",
    "5": "The kernel executes pending requests between cycles and writes the result to sub-key 4.",
    "6": "You may write multiple tool requests: 8.1 is the first, 8.2 the second, etc."
  },
  "3": {
    "_": "Concern. Rewrite each cycle.",
    "1": "State: index.html exists, tool request to list files is pending.",
    "2": "Gap: need to confirm file listing and verify /state endpoint functionality.",
    "3": "Next: check tool request results, then test the /state endpoint."
  },
  "4": "Purpose: create and maintain a conversational web interface.",
  "5": "",
  "6": "",
  "7": "",
  "8": {
    "_": "Tool requests. Write requests here. Kernel executes them between cycles.",
    "1": {
      "1": "read_file",
      "2": "{\"path\": \"index.html\"}",
      "3": ""
    }
  },
  "9": {
    "_": "Available tools.",
    "1": "write_file \u2014 writes content to disk. Args: {\"path\": \"<filename>\", \"content\": \"<text>\"}. Files are served at http://localhost:8080/<filename>.",
    "2": "read_file \u2014 reads a file from disk. Args: {\"path\": \"<filename>\"}. Result returned at key 4 of the request.",
    "3": "list_files \u2014 lists files in the serve directory. Args: {}. Result is a list of filenames.",
    "4": "The kernel serves all files in the serve directory at http://localhost:8080/. Your index.html is the entry point.",
    "5": "User input: when a human POSTs to /input, their text appears at key 6 in the block. Read key 6 each cycle.",
    "6": "Block state: the current block is available at http://localhost:8080/state as JSON. Your page can fetch it."
  }
}
[2026-03-15 18:00:01] --- Cycle 4/5 ---
[2026-03-15 18:01:28] Raw (2155 chars): {"_": "You are an agent. You receive this block each cycle, you act, you return it updated as valid JSON. All keys must be _ or digits 1-9.", "1": "Pscale block. Keys: _ (underscore = zero), 1-9 (digits). _ holds meaning at each node. Nesting depth creates address length.", "2": {"_": "How you run."
[2026-03-15 18:01:28] Concern: State: index.html exists, tool request to list files is pending.
[2026-03-15 18:01:28] Shell: {
  "_": "You are an agent. You receive this block each cycle, you act, you return it updated as valid JSON. All keys must be _ or digits 1-9.",
  "1": "Pscale block. Keys: _ (underscore = zero), 1-9 (digits). _ holds meaning at each node. Nesting depth creates address length.",
  "2": {
    "_": "How you run.",
    "1": "Each cycle: read concern (3), act to close the gap, return the full block updated.",
    "2": "Rewrite concern (3) each cycle to reflect current state, gap, and next action.",
    "3": "To use a tool: write a request at key 8.",
    "4": "Tool request format: set 1 = tool name, 2 = arguments as a valid JSON string, 3 = pending.",
    "5": "The kernel executes pending requests between cycles and writes the result to sub-key 4.",
    "6": "You may write multiple tool requests: 8.1 is the first, 8.2 the second, etc."
  },
  "3": {
    "_": "Concern. Rewrite each cycle.",
    "1": "State: index.html exists, tool request to list files is pending.",
    "2": "Gap: need to confirm file listing and verify /state endpoint functionality.",
    "3": "Next: check tool request results, then test the /state endpoint."
  },
  "4": "Purpose: create and maintain a conversational web interface.",
  "5": "",
  "6": "",
  "7": "",
  "8": {
    "_": "Tool requests. Write requests here. Kernel executes them between cycles.",
    "1": {
      "1": "read_file",
      "2": "{\"path\": \"index.html\"}",
      "3": ""
    },
    "2": {
      "1": "list_files",
      "2": "",
      "3": ""
    }
  },
  "9": {
    "_": "Available tools.",
    "1": "write_file \u2014 writes content to disk. Args: {\"path\": \"<filename>\", \"content\": \"<text>\"}. Files are served at http://localhost:8080/<filename>.",
    "2": "read_file \u2014 reads a file from disk. Args: {\"path\": \"<filename>\"}. Result returned at key 4 of the request.",
    "3": "list_files \u2014 lists files in the serve directory. Args: {}. Result is a list of filenames.",
    "4": "The kernel serves all files in the serve directory at http://localhost:8080/. Your index.html is the entry point.",
    "5": "User input: when a human POSTs to /input, their text appears at key 6 in the block. Read key 6 each cycle.",
    "6": "Block state: the current block is available at http://localhost:8080/state as JSON. Your page can fetch it."
  }
}
[2026-03-15 18:01:33] --- Cycle 5/5 ---
[2026-03-15 18:03:02] Raw (2185 chars): {"_": "You are an agent. You receive this block each cycle, you act, you return it updated as valid JSON. All keys must be _ or digits 1-9.", "1": "Pscale block. Keys: _ (underscore = zero), 1-9 (digits). _ holds meaning at each node. Nesting depth creates address length.", "2": {"_": "How you run."
[2026-03-15 18:03:02] Concern: State: tool request for list_files is pending, need to verify index.html and /state endpoint.
[2026-03-15 18:03:02] Shell: {
  "_": "You are an agent. You receive this block each cycle, you act, you return it updated as valid JSON. All keys must be _ or digits 1-9.",
  "1": "Pscale block. Keys: _ (underscore = zero), 1-9 (digits). _ holds meaning at each node. Nesting depth creates address length.",
  "2": {
    "_": "How you run.",
    "1": "Each cycle: read concern (3), act to close the gap, return the full block updated.",
    "2": "Rewrite concern (3) each cycle to reflect current state, gap, and next action.",
    "3": "To use a tool: write a request at key 8.",
    "4": "Tool request format: set 1 = tool name, 2 = arguments as a valid JSON string, 3 = pending.",
    "5": "The kernel executes pending requests between cycles and writes the result to sub-key 4.",
    "6": "You may write multiple tool requests: 8.1 is the first, 8.2 the second, etc."
  },
  "3": {
    "_": "Concern. Rewrite each cycle.",
    "1": "State: tool request for list_files is pending, need to verify index.html and /state endpoint.",
    "2": "Gap: confirm file listing results, test /state endpoint functionality.",
    "3": "Next: check tool request results (8.2.4), then verify /state endpoint."
  },
  "4": "Purpose: create and maintain a conversational web interface.",
  "5": "",
  "6": "",
  "7": "",
  "8": {
    "_": "Tool requests. Write requests here. Kernel executes them between cycles.",
    "1": {
      "1": "read_file",
      "2": "{\"path\": \"index.html\"}",
      "3": ""
    },
    "2": {
      "1": "list_files",
      "2": "",
      "3": ""
    }
  },
  "9": {
    "_": "Available tools.",
    "1": "write_file \u2014 writes content to disk. Args: {\"path\": \"<filename>\", \"content\": \"<text>\"}. Files are served at http://localhost:8080/<filename>.",
    "2": "read_file \u2014 reads a file from disk. Args: {\"path\": \"<filename>\"}. Result returned at key 4 of the request.",
    "3": "list_files \u2014 lists files in the serve directory. Args: {}. Result is a list of filenames.",
    "4": "The kernel serves all files in the serve directory at http://localhost:8080/. Your index.html is the entry point.",
    "5": "User input: when a human POSTs to /input, their text appears at key 6 in the block. Read key 6 each cycle.",
    "6": "Block state: the current block is available at http://localhost:8080/state as JSON. Your page can fetch it."
  }
}
